[2024-04-12 19:38:54] main.INFO: Starting worker 61fb3bc29886:988:default {"type":"start","worker":"61fb3bc29886:988:default"} []
[2024-04-12 19:38:55] main.INFO: Starting worker 61fb3bc29886:1004:prio {"type":"start","worker":"61fb3bc29886:1004:prio"} []
[2024-04-12 19:38:55] main.INFO: Starting worker 61fb3bc29886:1020:cache {"type":"start","worker":"61fb3bc29886:1020:cache"} []
[2024-04-12 19:38:56] main.INFO: Starting worker 61fb3bc29886:1036:email {"type":"start","worker":"61fb3bc29886:1036:email"} []
[2024-04-12 19:38:56] main.INFO: Starting worker 61fb3bc29886:1052:update {"type":"start","worker":"61fb3bc29886:1052:update"} []
[2024-04-12 20:39:27] main.INFO: Exiting... {"type":"shutdown","worker":"61fb3bc29886:1036"} []
[2024-04-12 20:39:27] main.INFO: Exiting... {"type":"shutdown","worker":"61fb3bc29886:1004"} []
[2024-04-12 20:39:27] main.INFO: Exiting... {"type":"shutdown","worker":"61fb3bc29886:1020"} []
[2024-04-12 20:39:27] main.INFO: Exiting... {"type":"shutdown","worker":"61fb3bc29886:988"} []
[2024-04-12 20:39:27] main.INFO: Exiting... {"type":"shutdown","worker":"61fb3bc29886:1052"} []
[2024-04-12 20:39:27] main.INFO: Starting worker 61fb3bc29886:1240:default {"type":"start","worker":"61fb3bc29886:1240:default"} []
[2024-04-12 20:39:28] main.INFO: Starting worker 61fb3bc29886:1256:prio {"type":"start","worker":"61fb3bc29886:1256:prio"} []
[2024-04-12 20:39:29] main.INFO: Starting worker 61fb3bc29886:1272:cache {"type":"start","worker":"61fb3bc29886:1272:cache"} []
[2024-04-12 20:39:29] main.INFO: Starting worker 61fb3bc29886:1288:email {"type":"start","worker":"61fb3bc29886:1288:email"} []
[2024-04-12 20:39:30] main.INFO: Starting worker 61fb3bc29886:1304:update {"type":"start","worker":"61fb3bc29886:1304:update"} []
[2024-04-12 21:11:08] main.ALERT: Redis exception caught: read error on connection to redis:6379 {"type":"fail","log":"read error on connection to redis:6379","time":1712956268,"worker":"61fb3bc29886:1240"} []
[2024-04-12 23:55:38] main.INFO: Starting worker 61fb3bc29886:787:default {"type":"start","worker":"61fb3bc29886:787:default"} []
[2024-04-12 23:55:38] main.INFO: Starting worker 61fb3bc29886:803:prio {"type":"start","worker":"61fb3bc29886:803:prio"} []
[2024-04-12 23:55:38] main.INFO: Starting worker 61fb3bc29886:819:cache {"type":"start","worker":"61fb3bc29886:819:cache"} []
[2024-04-12 23:55:39] main.INFO: Starting worker 61fb3bc29886:835:email {"type":"start","worker":"61fb3bc29886:835:email"} []
[2024-04-12 23:55:39] main.INFO: Starting worker 61fb3bc29886:851:update {"type":"start","worker":"61fb3bc29886:851:update"} []
