[2024-04-10 15:59:08] main.INFO: Starting worker 8902f2f81702:1188:default {"type":"start","worker":"8902f2f81702:1188:default"} []
[2024-04-10 15:59:08] main.INFO: Starting worker 8902f2f81702:1204:prio {"type":"start","worker":"8902f2f81702:1204:prio"} []
[2024-04-10 15:59:09] main.INFO: Starting worker 8902f2f81702:1220:cache {"type":"start","worker":"8902f2f81702:1220:cache"} []
[2024-04-10 15:59:10] main.INFO: Starting worker 8902f2f81702:1236:email {"type":"start","worker":"8902f2f81702:1236:email"} []
[2024-04-10 15:59:10] main.INFO: Starting worker 8902f2f81702:1252:update {"type":"start","worker":"8902f2f81702:1252:update"} []
[2024-04-10 17:08:25] main.INFO: Starting worker 1d1bd6586059:1599:default {"type":"start","worker":"1d1bd6586059:1599:default"} []
[2024-04-10 17:08:25] main.INFO: Starting worker 1d1bd6586059:1615:prio {"type":"start","worker":"1d1bd6586059:1615:prio"} []
[2024-04-10 17:08:26] main.INFO: Starting worker 1d1bd6586059:1631:cache {"type":"start","worker":"1d1bd6586059:1631:cache"} []
[2024-04-10 17:08:26] main.INFO: Starting worker 1d1bd6586059:1647:email {"type":"start","worker":"1d1bd6586059:1647:email"} []
[2024-04-10 17:08:26] main.INFO: Starting worker 1d1bd6586059:1663:update {"type":"start","worker":"1d1bd6586059:1663:update"} []
[2024-04-10 17:11:46] main.INFO: got {"queue":"update","id":"ee8d0121590add8ac0e9ee2a797ef291","class":"AdminShell","args":[["runUpdates",1]]} {"type":"got","args":"[object] (Resque_Job: {\"queue\":\"update\",\"id\":\"ee8d0121590add8ac0e9ee2a797ef291\",\"class\":\"AdminShell\",\"args\":[[\"runUpdates\",1]]})","worker":"1d1bd6586059:1663"} []
[2024-04-10 17:11:46] main.INFO: Processing ID:ee8d0121590add8ac0e9ee2a797ef291 in update {"type":"process","worker":"1d1bd6586059:1663","job_id":"ee8d0121590add8ac0e9ee2a797ef291"} []
[2024-04-10 17:12:00] main.INFO: got {"queue":"default","id":"f4d9d01943e15691ca5ffe0d742a29a9","class":"AdminShell","args":[["truncateTable",0,"Legacy",3]]} {"type":"got","args":"[object] (Resque_Job: {\"queue\":\"default\",\"id\":\"f4d9d01943e15691ca5ffe0d742a29a9\",\"class\":\"AdminShell\",\"args\":[[\"truncateTable\",0,\"Legacy\",3]]})","worker":"1d1bd6586059:1599"} []
[2024-04-10 17:12:00] main.INFO: Processing ID:f4d9d01943e15691ca5ffe0d742a29a9 in default {"type":"process","worker":"1d1bd6586059:1599","job_id":"f4d9d01943e15691ca5ffe0d742a29a9"} []
[2024-04-10 17:12:00] main.INFO: done ID:f4d9d01943e15691ca5ffe0d742a29a9 {"type":"done","job_id":"f4d9d01943e15691ca5ffe0d742a29a9","time":158,"worker":"1d1bd6586059:1599"} []
[2024-04-10 17:12:00] main.INFO: got {"queue":"default","id":"76c1b4a9791e99a87e6cb3a91f37d501","class":"AdminShell","args":[["jobGenerateCorrelation",4]]} {"type":"got","args":"[object] (Resque_Job: {\"queue\":\"default\",\"id\":\"76c1b4a9791e99a87e6cb3a91f37d501\",\"class\":\"AdminShell\",\"args\":[[\"jobGenerateCorrelation\",4]]})","worker":"1d1bd6586059:1599"} []
[2024-04-10 17:12:00] main.INFO: Processing ID:76c1b4a9791e99a87e6cb3a91f37d501 in default {"type":"process","worker":"1d1bd6586059:1599","job_id":"76c1b4a9791e99a87e6cb3a91f37d501"} []
[2024-04-10 17:12:00] main.INFO: done ID:76c1b4a9791e99a87e6cb3a91f37d501 {"type":"done","job_id":"76c1b4a9791e99a87e6cb3a91f37d501","time":197,"worker":"1d1bd6586059:1599"} []
[2024-04-10 17:12:02] main.INFO: done ID:ee8d0121590add8ac0e9ee2a797ef291 {"type":"done","job_id":"ee8d0121590add8ac0e9ee2a797ef291","time":15052,"worker":"1d1bd6586059:1663"} []
[2024-04-10 17:12:02] main.INFO: got {"queue":"update","id":"f836356f706a2fe7936337271a3accdb","class":"AdminShell","args":[["runUpdates",2]]} {"type":"got","args":"[object] (Resque_Job: {\"queue\":\"update\",\"id\":\"f836356f706a2fe7936337271a3accdb\",\"class\":\"AdminShell\",\"args\":[[\"runUpdates\",2]]})","worker":"1d1bd6586059:1663"} []
[2024-04-10 17:12:02] main.INFO: Processing ID:f836356f706a2fe7936337271a3accdb in update {"type":"process","worker":"1d1bd6586059:1663","job_id":"f836356f706a2fe7936337271a3accdb"} []
[2024-04-10 17:12:02] main.INFO: done ID:f836356f706a2fe7936337271a3accdb {"type":"done","job_id":"f836356f706a2fe7936337271a3accdb","time":78,"worker":"1d1bd6586059:1663"} []
[2024-04-10 17:55:22] main.INFO: Starting worker cc9d9c72141a:417:default {"type":"start","worker":"cc9d9c72141a:417:default"} []
[2024-04-10 17:55:23] main.INFO: Starting worker cc9d9c72141a:433:prio {"type":"start","worker":"cc9d9c72141a:433:prio"} []
[2024-04-10 17:55:23] main.INFO: Starting worker cc9d9c72141a:449:cache {"type":"start","worker":"cc9d9c72141a:449:cache"} []
[2024-04-10 17:55:24] main.INFO: Starting worker cc9d9c72141a:465:email {"type":"start","worker":"cc9d9c72141a:465:email"} []
[2024-04-10 17:55:24] main.INFO: Starting worker cc9d9c72141a:481:update {"type":"start","worker":"cc9d9c72141a:481:update"} []
[2024-04-10 19:53:11] main.INFO: Starting worker 61fb3bc29886:1803:default {"type":"start","worker":"61fb3bc29886:1803:default"} []
[2024-04-10 19:53:11] main.INFO: Starting worker 61fb3bc29886:1819:prio {"type":"start","worker":"61fb3bc29886:1819:prio"} []
[2024-04-10 19:53:12] main.INFO: Starting worker 61fb3bc29886:1835:cache {"type":"start","worker":"61fb3bc29886:1835:cache"} []
[2024-04-10 19:53:13] main.INFO: Starting worker 61fb3bc29886:1851:email {"type":"start","worker":"61fb3bc29886:1851:email"} []
[2024-04-10 19:53:13] main.INFO: Starting worker 61fb3bc29886:1867:update {"type":"start","worker":"61fb3bc29886:1867:update"} []
