Executing all updates to bring the database up to date with the current version.
Executing 62..................[32mDone[0m
Executing 63..................[32mDone[0m
Executing 64..................[32mDone[0m
Executing 65..................[32mDone[0m
Executing 66..................[32mDone[0m
Executing 67..................[32mDone[0m
Executing 68..................[32mDone[0m
Executing 69..................[32mDone[0m
Executing 70..................[32mDone[0m
Executing 71..................[32mDone[0m
Executing 72..................[32mDone[0m
Executing 73..................[32mDone[0m
Executing 74..................[32mDone[0m
Executing 75..................[32mDone[0m
Executing 76..................[32mDone[0m
Executing 77..................[32mDone[0m
Executing 78..................[32mDone[0m
Executing 79..................[32mDone[0m
Executing 80..................[32mDone[0m
Executing 81..................[32mDone[0m
Executing 82..................[32mDone[0m
Executing 83..................[32mDone[0m
Executing 84..................[32mDone[0m
Executing 85..................[32mDone[0m
Executing 86..................[32mDone[0m
Executing 87..................[32mDone[0m
Executing 88..................[32mDone[0m
Executing 89..................[32mDone[0m
Executing 90..................[32mDone[0m
Executing 91..................[32mDone[0m
Executing 92..................[32mDone[0m
Executing 93..................[32mDone[0m
Executing 94..................[32mDone[0m
Executing 95..................[32mDone[0m
Executing 96..................[32mDone[0m
Executing 97..................[32mDone[0m
Executing 98..................[32mDone[0m
Executing 99..................[32mDone[0m
Executing 100.................[32mDone[0m
Executing 101.................[32mDone[0m
Executing 102.................[32mDone[0m
Executing 103.................[32mDone[0m
Executing 104.................[32mDone[0m
Executing 105.................[32mDone[0m
Executing 106.................[32mDone[0m
Executing 107.................[32mDone[0m
Executing 108.................[32mDone[0m
Executing 109.................[32mDone[0m
Executing 110.................[32mDone[0m
Executing 111.................[32mDone[0m
Executing 112.................[32mDone[0m
Executing 113.................[32mDone[0m
Executing 114.................[32mDone[0m
Executing 115.................[32mDone[0m
All updates completed.
Executing all updates to bring the database up to date with the current version.
All updates completed.
Warning Error: Redis::lPop(): php_network_getaddresses: getaddrinfo failed: Name or service not known in [/var/www/MISP/app/Vendor/kamisama/php-resque-ex/lib/Resque.php, line 136]

Warning Error: Redis::lPop(): php_network_getaddresses: getaddrinfo failed: Name or service not known in [/var/www/MISP/app/Vendor/kamisama/php-resque-ex/lib/Resque.php, line 136]

Warning Error: Redis::lPop(): php_network_getaddresses: getaddrinfo failed: Name or service not known in [/var/www/MISP/app/Vendor/kamisama/php-resque-ex/lib/Resque.php, line 136]

Warning Error: Redis::lPop(): php_network_getaddresses: getaddrinfo failed: Name or service not known in [/var/www/MISP/app/Vendor/kamisama/php-resque-ex/lib/Resque.php, line 136]

Warning Error: Redis::lPop(): php_network_getaddresses: getaddrinfo failed: Name or service not known in [/var/www/MISP/app/Vendor/kamisama/php-resque-ex/lib/Resque.php, line 136]

Warning Error: Redis::lPop(): php_network_getaddresses: getaddrinfo failed: Name or service not known in [/var/www/MISP/app/Vendor/kamisama/php-resque-ex/lib/Resque.php, line 136]

Warning Error: Redis::lPop(): php_network_getaddresses: getaddrinfo failed: Name or service not known in [/var/www/MISP/app/Vendor/kamisama/php-resque-ex/lib/Resque.php, line 136]

Warning Error: Redis::lPop(): php_network_getaddresses: getaddrinfo failed: Name or service not known in [/var/www/MISP/app/Vendor/kamisama/php-resque-ex/lib/Resque.php, line 136]

Warning Error: Redis::lPop(): php_network_getaddresses: getaddrinfo failed: Name or service not known in [/var/www/MISP/app/Vendor/kamisama/php-resque-ex/lib/Resque.php, line 136]

Warning Error: Redis::lPop(): php_network_getaddresses: getaddrinfo failed: Name or service not known in [/var/www/MISP/app/Vendor/kamisama/php-resque-ex/lib/Resque.php, line 136]

Warning Error: Redis::lPop(): php_network_getaddresses: getaddrinfo failed: Name or service not known in [/var/www/MISP/app/Vendor/kamisama/php-resque-ex/lib/Resque.php, line 136]

Warning Error: Redis::lPop(): php_network_getaddresses: getaddrinfo failed: Name or service not known in [/var/www/MISP/app/Vendor/kamisama/php-resque-ex/lib/Resque.php, line 136]

Warning Error: Redis::lPop(): php_network_getaddresses: getaddrinfo failed: Name or service not known in [/var/www/MISP/app/Vendor/kamisama/php-resque-ex/lib/Resque.php, line 136]

Warning Error: Redis::lPop(): php_network_getaddresses: getaddrinfo failed: Name or service not known in [/var/www/MISP/app/Vendor/kamisama/php-resque-ex/lib/Resque.php, line 136]

